[Tue Jan 08 08:20:35.346574 2019] [ssl:warn] [pid 9844:tid 616] AH01909: stuff:443:0 server certificate does NOT include an ID which matches the server name
[Tue Jan 08 08:20:35.351571 2019] [ssl:warn] [pid 9844:tid 616] AH01909: sql-server:443:0 server certificate does NOT include an ID which matches the server name
[Tue Jan 08 08:20:35.353570 2019] [ssl:warn] [pid 9844:tid 616] AH01909: sklad-api:443:0 server certificate does NOT include an ID which matches the server name
[Tue Jan 08 08:20:35.355568 2019] [ssl:warn] [pid 9844:tid 616] AH01909: rk-portal:443:0 server certificate does NOT include an ID which matches the server name
[Tue Jan 08 08:20:35.361574 2019] [ssl:warn] [pid 9844:tid 616] AH01909: personal-page:443:0 server certificate does NOT include an ID which matches the server name
[Tue Jan 08 08:20:35.363573 2019] [ssl:warn] [pid 9844:tid 616] AH01909: outer-page:443:0 server certificate does NOT include an ID which matches the server name
[Tue Jan 08 08:20:35.365564 2019] [ssl:warn] [pid 9844:tid 616] AH01909: nayada:443:0 server certificate does NOT include an ID which matches the server name
[Tue Jan 08 08:20:35.368563 2019] [ssl:warn] [pid 9844:tid 616] AH01909: my-first-symfony-prj:443:0 server certificate does NOT include an ID which matches the server name
[Tue Jan 08 08:20:35.370561 2019] [ssl:warn] [pid 9844:tid 616] AH01909: masha:443:0 server certificate does NOT include an ID which matches the server name
[Tue Jan 08 08:20:35.373560 2019] [ssl:warn] [pid 9844:tid 616] AH01909: knowledge:443:0 server certificate does NOT include an ID which matches the server name
[Tue Jan 08 08:20:35.375559 2019] [ssl:warn] [pid 9844:tid 616] AH01909: homeBuh:443:0 server certificate does NOT include an ID which matches the server name
[Tue Jan 08 08:20:35.378557 2019] [ssl:warn] [pid 9844:tid 616] AH01909: group-list:443:0 server certificate does NOT include an ID which matches the server name
[Tue Jan 08 08:20:35.380555 2019] [ssl:warn] [pid 9844:tid 616] AH01909: fortis-stuff:443:0 server certificate does NOT include an ID which matches the server name
[Tue Jan 08 08:20:35.383554 2019] [ssl:warn] [pid 9844:tid 616] AH01909: fortis-orig:443:0 server certificate does NOT include an ID which matches the server name
[Tue Jan 08 08:20:35.385553 2019] [ssl:warn] [pid 9844:tid 616] AH01909: edu-portal-stuff:443:0 server certificate does NOT include an ID which matches the server name
[Tue Jan 08 08:20:35.388551 2019] [ssl:warn] [pid 9844:tid 616] AH01909: edu-portal:443:0 server certificate does NOT include an ID which matches the server name
[Tue Jan 08 08:20:35.390548 2019] [ssl:warn] [pid 9844:tid 616] AH01909: angular:443:0 server certificate does NOT include an ID which matches the server name
[Tue Jan 08 08:20:35.393547 2019] [ssl:warn] [pid 9844:tid 616] AH01909: 300miners:443:0 server certificate does NOT include an ID which matches the server name
[Tue Jan 08 08:20:35.396546 2019] [ssl:warn] [pid 9844:tid 616] AH01909: default:443:0 server certificate does NOT include an ID which matches the server name
[Tue Jan 08 08:20:36.164114 2019] [ssl:warn] [pid 9844:tid 616] AH01909: stuff:443:0 server certificate does NOT include an ID which matches the server name
[Tue Jan 08 08:20:36.166105 2019] [ssl:warn] [pid 9844:tid 616] AH01909: sql-server:443:0 server certificate does NOT include an ID which matches the server name
[Tue Jan 08 08:20:36.168111 2019] [ssl:warn] [pid 9844:tid 616] AH01909: sklad-api:443:0 server certificate does NOT include an ID which matches the server name
[Tue Jan 08 08:20:36.170101 2019] [ssl:warn] [pid 9844:tid 616] AH01909: rk-portal:443:0 server certificate does NOT include an ID which matches the server name
[Tue Jan 08 08:20:36.173100 2019] [ssl:warn] [pid 9844:tid 616] AH01909: personal-page:443:0 server certificate does NOT include an ID which matches the server name
[Tue Jan 08 08:20:36.175099 2019] [ssl:warn] [pid 9844:tid 616] AH01909: outer-page:443:0 server certificate does NOT include an ID which matches the server name
[Tue Jan 08 08:20:36.178097 2019] [ssl:warn] [pid 9844:tid 616] AH01909: nayada:443:0 server certificate does NOT include an ID which matches the server name
[Tue Jan 08 08:20:36.181095 2019] [ssl:warn] [pid 9844:tid 616] AH01909: my-first-symfony-prj:443:0 server certificate does NOT include an ID which matches the server name
[Tue Jan 08 08:20:36.183094 2019] [ssl:warn] [pid 9844:tid 616] AH01909: masha:443:0 server certificate does NOT include an ID which matches the server name
[Tue Jan 08 08:20:36.186093 2019] [ssl:warn] [pid 9844:tid 616] AH01909: knowledge:443:0 server certificate does NOT include an ID which matches the server name
[Tue Jan 08 08:20:36.188091 2019] [ssl:warn] [pid 9844:tid 616] AH01909: homeBuh:443:0 server certificate does NOT include an ID which matches the server name
[Tue Jan 08 08:20:36.191090 2019] [ssl:warn] [pid 9844:tid 616] AH01909: group-list:443:0 server certificate does NOT include an ID which matches the server name
[Tue Jan 08 08:20:36.193089 2019] [ssl:warn] [pid 9844:tid 616] AH01909: fortis-stuff:443:0 server certificate does NOT include an ID which matches the server name
[Tue Jan 08 08:20:36.196087 2019] [ssl:warn] [pid 9844:tid 616] AH01909: fortis-orig:443:0 server certificate does NOT include an ID which matches the server name
[Tue Jan 08 08:20:36.199085 2019] [ssl:warn] [pid 9844:tid 616] AH01909: edu-portal-stuff:443:0 server certificate does NOT include an ID which matches the server name
[Tue Jan 08 08:20:36.201083 2019] [ssl:warn] [pid 9844:tid 616] AH01909: edu-portal:443:0 server certificate does NOT include an ID which matches the server name
[Tue Jan 08 08:20:36.204082 2019] [ssl:warn] [pid 9844:tid 616] AH01909: angular:443:0 server certificate does NOT include an ID which matches the server name
[Tue Jan 08 08:20:36.206082 2019] [ssl:warn] [pid 9844:tid 616] AH01909: 300miners:443:0 server certificate does NOT include an ID which matches the server name
[Tue Jan 08 08:20:36.209079 2019] [ssl:warn] [pid 9844:tid 616] AH01909: default:443:0 server certificate does NOT include an ID which matches the server name
[Tue Jan 08 08:20:41.065597 2019] [mpm_winnt:notice] [pid 9844:tid 616] AH00455: Apache/2.4.27 (Win32) OpenSSL/1.0.2l configured -- resuming normal operations
[Tue Jan 08 08:20:41.065597 2019] [mpm_winnt:notice] [pid 9844:tid 616] AH00456: Apache Lounge VC11 Server built: Jul 10 2017 13:23:43
[Tue Jan 08 08:20:41.065597 2019] [core:notice] [pid 9844:tid 616] AH00094: Command line: 'C:\\ospanel\\modules\\http\\Apache-2.4\\bin\\httpd.exe -d C:/OSPanel/modules/http/Apache-2.4 -f c:\\ospanel\\modules\\http\\Apache-2.4\\conf\\httpd.conf'
[Tue Jan 08 08:20:41.099534 2019] [mpm_winnt:notice] [pid 9844:tid 616] AH00418: Parent: Created child process 7512
[Tue Jan 08 08:20:44.333411 2019] [ssl:warn] [pid 7512:tid 604] AH01909: stuff:443:0 server certificate does NOT include an ID which matches the server name
[Tue Jan 08 08:20:44.337409 2019] [ssl:warn] [pid 7512:tid 604] AH01909: sql-server:443:0 server certificate does NOT include an ID which matches the server name
[Tue Jan 08 08:20:44.339409 2019] [ssl:warn] [pid 7512:tid 604] AH01909: sklad-api:443:0 server certificate does NOT include an ID which matches the server name
[Tue Jan 08 08:20:44.341407 2019] [ssl:warn] [pid 7512:tid 604] AH01909: rk-portal:443:0 server certificate does NOT include an ID which matches the server name
[Tue Jan 08 08:20:44.343397 2019] [ssl:warn] [pid 7512:tid 604] AH01909: personal-page:443:0 server certificate does NOT include an ID which matches the server name
[Tue Jan 08 08:20:44.344397 2019] [ssl:warn] [pid 7512:tid 604] AH01909: outer-page:443:0 server certificate does NOT include an ID which matches the server name
[Tue Jan 08 08:20:44.346395 2019] [ssl:warn] [pid 7512:tid 604] AH01909: nayada:443:0 server certificate does NOT include an ID which matches the server name
[Tue Jan 08 08:20:44.348394 2019] [ssl:warn] [pid 7512:tid 604] AH01909: my-first-symfony-prj:443:0 server certificate does NOT include an ID which matches the server name
[Tue Jan 08 08:20:44.350393 2019] [ssl:warn] [pid 7512:tid 604] AH01909: masha:443:0 server certificate does NOT include an ID which matches the server name
[Tue Jan 08 08:20:44.351393 2019] [ssl:warn] [pid 7512:tid 604] AH01909: knowledge:443:0 server certificate does NOT include an ID which matches the server name
[Tue Jan 08 08:20:44.353392 2019] [ssl:warn] [pid 7512:tid 604] AH01909: homeBuh:443:0 server certificate does NOT include an ID which matches the server name
[Tue Jan 08 08:20:44.355390 2019] [ssl:warn] [pid 7512:tid 604] AH01909: group-list:443:0 server certificate does NOT include an ID which matches the server name
[Tue Jan 08 08:20:44.357389 2019] [ssl:warn] [pid 7512:tid 604] AH01909: fortis-stuff:443:0 server certificate does NOT include an ID which matches the server name
[Tue Jan 08 08:20:44.359388 2019] [ssl:warn] [pid 7512:tid 604] AH01909: fortis-orig:443:0 server certificate does NOT include an ID which matches the server name
[Tue Jan 08 08:20:44.361387 2019] [ssl:warn] [pid 7512:tid 604] AH01909: edu-portal-stuff:443:0 server certificate does NOT include an ID which matches the server name
[Tue Jan 08 08:20:44.363387 2019] [ssl:warn] [pid 7512:tid 604] AH01909: edu-portal:443:0 server certificate does NOT include an ID which matches the server name
[Tue Jan 08 08:20:44.366386 2019] [ssl:warn] [pid 7512:tid 604] AH01909: angular:443:0 server certificate does NOT include an ID which matches the server name
[Tue Jan 08 08:20:44.370391 2019] [ssl:warn] [pid 7512:tid 604] AH01909: 300miners:443:0 server certificate does NOT include an ID which matches the server name
[Tue Jan 08 08:20:44.372389 2019] [ssl:warn] [pid 7512:tid 604] AH01909: default:443:0 server certificate does NOT include an ID which matches the server name
[Tue Jan 08 08:20:45.078974 2019] [ssl:warn] [pid 7512:tid 604] AH01909: stuff:443:0 server certificate does NOT include an ID which matches the server name
[Tue Jan 08 08:20:45.079974 2019] [ssl:warn] [pid 7512:tid 604] AH01909: sql-server:443:0 server certificate does NOT include an ID which matches the server name
[Tue Jan 08 08:20:45.081972 2019] [ssl:warn] [pid 7512:tid 604] AH01909: sklad-api:443:0 server certificate does NOT include an ID which matches the server name
[Tue Jan 08 08:20:45.082972 2019] [ssl:warn] [pid 7512:tid 604] AH01909: rk-portal:443:0 server certificate does NOT include an ID which matches the server name
[Tue Jan 08 08:20:45.084971 2019] [ssl:warn] [pid 7512:tid 604] AH01909: personal-page:443:0 server certificate does NOT include an ID which matches the server name
[Tue Jan 08 08:20:45.085970 2019] [ssl:warn] [pid 7512:tid 604] AH01909: outer-page:443:0 server certificate does NOT include an ID which matches the server name
[Tue Jan 08 08:20:45.086970 2019] [ssl:warn] [pid 7512:tid 604] AH01909: nayada:443:0 server certificate does NOT include an ID which matches the server name
[Tue Jan 08 08:20:45.088968 2019] [ssl:warn] [pid 7512:tid 604] AH01909: my-first-symfony-prj:443:0 server certificate does NOT include an ID which matches the server name
[Tue Jan 08 08:20:45.089968 2019] [ssl:warn] [pid 7512:tid 604] AH01909: masha:443:0 server certificate does NOT include an ID which matches the server name
[Tue Jan 08 08:20:45.091966 2019] [ssl:warn] [pid 7512:tid 604] AH01909: knowledge:443:0 server certificate does NOT include an ID which matches the server name
[Tue Jan 08 08:20:45.092966 2019] [ssl:warn] [pid 7512:tid 604] AH01909: homeBuh:443:0 server certificate does NOT include an ID which matches the server name
[Tue Jan 08 08:20:45.094966 2019] [ssl:warn] [pid 7512:tid 604] AH01909: group-list:443:0 server certificate does NOT include an ID which matches the server name
[Tue Jan 08 08:20:45.096965 2019] [ssl:warn] [pid 7512:tid 604] AH01909: fortis-stuff:443:0 server certificate does NOT include an ID which matches the server name
[Tue Jan 08 08:20:45.098963 2019] [ssl:warn] [pid 7512:tid 604] AH01909: fortis-orig:443:0 server certificate does NOT include an ID which matches the server name
[Tue Jan 08 08:20:45.100962 2019] [ssl:warn] [pid 7512:tid 604] AH01909: edu-portal-stuff:443:0 server certificate does NOT include an ID which matches the server name
[Tue Jan 08 08:20:45.102960 2019] [ssl:warn] [pid 7512:tid 604] AH01909: edu-portal:443:0 server certificate does NOT include an ID which matches the server name
[Tue Jan 08 08:20:45.104959 2019] [ssl:warn] [pid 7512:tid 604] AH01909: angular:443:0 server certificate does NOT include an ID which matches the server name
[Tue Jan 08 08:20:45.106958 2019] [ssl:warn] [pid 7512:tid 604] AH01909: 300miners:443:0 server certificate does NOT include an ID which matches the server name
[Tue Jan 08 08:20:45.108958 2019] [ssl:warn] [pid 7512:tid 604] AH01909: default:443:0 server certificate does NOT include an ID which matches the server name
[Tue Jan 08 08:20:45.281858 2019] [mpm_winnt:notice] [pid 7512:tid 604] AH00354: Child: Starting 32 worker threads.
