2019-05-06T16:04:25.022792Z 0 [Note] d:\ospanel\modules\database\MySQL-5.7-x64\bin\mysqld.exe (mysqld 5.7.19) starting as process 12484 ...
2019-05-06T16:04:25.082014Z 0 [Note] InnoDB: Mutexes and rw_locks use Windows interlocked functions
2019-05-06T16:04:25.083014Z 0 [Note] InnoDB: Uses event mutexes
2019-05-06T16:04:25.083014Z 0 [Note] InnoDB: _mm_lfence() and _mm_sfence() are used for memory barrier
2019-05-06T16:04:25.084014Z 0 [Note] InnoDB: Compressed tables use zlib 1.2.3
2019-05-06T16:04:25.087012Z 0 [Note] InnoDB: Number of pools: 1
2019-05-06T16:04:25.088011Z 0 [Note] InnoDB: Not using CPU crc32 instructions
2019-05-06T16:04:25.101004Z 0 [Note] InnoDB: Initializing buffer pool, total size = 128M, instances = 1, chunk size = 128M
2019-05-06T16:04:25.276903Z 0 [Note] InnoDB: Completed initialization of buffer pool
2019-05-06T16:04:25.595722Z 0 [Note] InnoDB: Highest supported file format is Barracuda.
2019-05-06T16:04:28.003784Z 0 [Note] InnoDB: Creating shared tablespace for temporary tables
2019-05-06T16:04:28.004784Z 0 [Note] InnoDB: Setting file 'd:\ospanel\userdata\MySQL-5.7-x64\ibtmp1' size to 12 MB. Physically writing the file full; Please wait ...
2019-05-06T16:04:28.359625Z 0 [Note] InnoDB: File 'd:\ospanel\userdata\MySQL-5.7-x64\ibtmp1' size is now 12 MB.
2019-05-06T16:04:28.366621Z 0 [Note] InnoDB: 96 redo rollback segment(s) found. 96 redo rollback segment(s) are active.
2019-05-06T16:04:28.367597Z 0 [Note] InnoDB: 32 non-redo rollback segment(s) are active.
2019-05-06T16:04:28.368597Z 0 [Note] InnoDB: Waiting for purge to start
2019-05-06T16:04:28.461574Z 0 [Note] InnoDB: 5.7.19 started; log sequence number 173329452
2019-05-06T16:04:28.462545Z 0 [Note] InnoDB: Loading buffer pool(s) from d:\ospanel\userdata\MySQL-5.7-x64\ib_buffer_pool
2019-05-06T16:04:28.463551Z 0 [Note] Plugin 'FEDERATED' is disabled.
2019-05-06T16:04:28.849589Z 0 [Note] Server hostname (bind-address): '127.0.0.1'; port: 3306
2019-05-06T16:04:28.851584Z 0 [Note]   - '127.0.0.1' resolves to '127.0.0.1';
2019-05-06T16:04:28.851584Z 0 [Note] Server socket created on IP: '127.0.0.1'.
2019-05-06T16:04:28.906553Z 0 [Note] InnoDB: Buffer pool(s) load completed at 190506 19:04:28
2019-05-06T16:04:29.901771Z 0 [Note] Event Scheduler: Loaded 0 events
2019-05-06T16:04:29.902778Z 0 [Note] d:\ospanel\modules\database\MySQL-5.7-x64\bin\mysqld.exe: ready for connections.
Version: '5.7.19'  socket: ''  port: 3306  MySQL Community Server (GPL)
2019-05-06T16:04:29.903770Z 0 [Note] Executing 'SELECT * FROM INFORMATION_SCHEMA.TABLES;' to get a list of tables using the deprecated partition engine. You may use the startup option '--disable-partition-engine-check' to skip this check. 
2019-05-06T16:04:29.903770Z 0 [Note] Beginning of list of non-natively partitioned tables
2019-05-06T16:04:33.761471Z 0 [Note] End of list of non-natively partitioned tables
2019-05-06T16:18:43.885887Z 0 [Note] d:\ospanel\modules\database\MySQL-5.7-x64\bin\mysqld.exe: Normal shutdown

2019-05-06T16:18:43.885887Z 0 [Note] Giving 0 client threads a chance to die gracefully
2019-05-06T16:18:43.885887Z 0 [Note] Shutting down slave threads
2019-05-06T16:18:43.885887Z 0 [Note] Forcefully disconnecting 0 remaining clients
2019-05-06T16:18:43.885887Z 0 [Note] Event Scheduler: Purging the queue. 0 events
2019-05-06T16:18:43.898883Z 0 [Note] Binlog end
2019-05-06T16:18:43.905875Z 0 [Note] Shutting down plugin 'ngram'
2019-05-06T16:18:43.905875Z 0 [Note] Shutting down plugin 'partition'
2019-05-06T16:18:43.905875Z 0 [Note] Shutting down plugin 'BLACKHOLE'
2019-05-06T16:18:43.905875Z 0 [Note] Shutting down plugin 'ARCHIVE'
2019-05-06T16:18:43.905875Z 0 [Note] Shutting down plugin 'PERFORMANCE_SCHEMA'
2019-05-06T16:18:43.905875Z 0 [Note] Shutting down plugin 'MRG_MYISAM'
2019-05-06T16:18:43.905875Z 0 [Note] Shutting down plugin 'MyISAM'
2019-05-06T16:18:43.905875Z 0 [Note] Shutting down plugin 'INNODB_SYS_VIRTUAL'
2019-05-06T16:18:43.905875Z 0 [Note] Shutting down plugin 'INNODB_SYS_DATAFILES'
2019-05-06T16:18:43.905875Z 0 [Note] Shutting down plugin 'INNODB_SYS_TABLESPACES'
2019-05-06T16:18:43.905875Z 0 [Note] Shutting down plugin 'INNODB_SYS_FOREIGN_COLS'
2019-05-06T16:18:43.905875Z 0 [Note] Shutting down plugin 'INNODB_SYS_FOREIGN'
2019-05-06T16:18:43.905875Z 0 [Note] Shutting down plugin 'INNODB_SYS_FIELDS'
2019-05-06T16:18:43.905875Z 0 [Note] Shutting down plugin 'INNODB_SYS_COLUMNS'
2019-05-06T16:18:43.905875Z 0 [Note] Shutting down plugin 'INNODB_SYS_INDEXES'
2019-05-06T16:18:43.905875Z 0 [Note] Shutting down plugin 'INNODB_SYS_TABLESTATS'
2019-05-06T16:18:43.905875Z 0 [Note] Shutting down plugin 'INNODB_SYS_TABLES'
2019-05-06T16:18:43.905875Z 0 [Note] Shutting down plugin 'INNODB_FT_INDEX_TABLE'
2019-05-06T16:18:43.905875Z 0 [Note] Shutting down plugin 'INNODB_FT_INDEX_CACHE'
2019-05-06T16:18:43.905875Z 0 [Note] Shutting down plugin 'INNODB_FT_CONFIG'
2019-05-06T16:18:43.905875Z 0 [Note] Shutting down plugin 'INNODB_FT_BEING_DELETED'
2019-05-06T16:18:43.905875Z 0 [Note] Shutting down plugin 'INNODB_FT_DELETED'
2019-05-06T16:18:43.905875Z 0 [Note] Shutting down plugin 'INNODB_FT_DEFAULT_STOPWORD'
2019-05-06T16:18:43.905875Z 0 [Note] Shutting down plugin 'INNODB_METRICS'
2019-05-06T16:18:43.905875Z 0 [Note] Shutting down plugin 'INNODB_TEMP_TABLE_INFO'
2019-05-06T16:18:43.905875Z 0 [Note] Shutting down plugin 'INNODB_BUFFER_POOL_STATS'
2019-05-06T16:18:43.905875Z 0 [Note] Shutting down plugin 'INNODB_BUFFER_PAGE_LRU'
2019-05-06T16:18:43.905875Z 0 [Note] Shutting down plugin 'INNODB_BUFFER_PAGE'
2019-05-06T16:18:43.905875Z 0 [Note] Shutting down plugin 'INNODB_CMP_PER_INDEX_RESET'
2019-05-06T16:18:43.905875Z 0 [Note] Shutting down plugin 'INNODB_CMP_PER_INDEX'
2019-05-06T16:18:43.905875Z 0 [Note] Shutting down plugin 'INNODB_CMPMEM_RESET'
2019-05-06T16:18:43.905875Z 0 [Note] Shutting down plugin 'INNODB_CMPMEM'
2019-05-06T16:18:43.905875Z 0 [Note] Shutting down plugin 'INNODB_CMP_RESET'
2019-05-06T16:18:43.905875Z 0 [Note] Shutting down plugin 'INNODB_CMP'
2019-05-06T16:18:43.905875Z 0 [Note] Shutting down plugin 'INNODB_LOCK_WAITS'
2019-05-06T16:18:43.905875Z 0 [Note] Shutting down plugin 'INNODB_LOCKS'
2019-05-06T16:18:43.905875Z 0 [Note] Shutting down plugin 'INNODB_TRX'
2019-05-06T16:18:43.905875Z 0 [Note] Shutting down plugin 'InnoDB'
2019-05-06T16:18:43.905875Z 0 [Note] InnoDB: FTS optimize thread exiting.
2019-05-06T16:18:43.906875Z 0 [Note] InnoDB: Starting shutdown...
2019-05-06T16:18:44.007816Z 0 [Note] InnoDB: Dumping buffer pool(s) to d:\ospanel\userdata\MySQL-5.7-x64\ib_buffer_pool
2019-05-06T16:18:44.009817Z 0 [Note] InnoDB: Buffer pool(s) dump completed at 190506 19:18:44
2019-05-06T16:18:44.910371Z 0 [Note] InnoDB: Shutdown completed; log sequence number 173602691
2019-05-06T16:18:44.911372Z 0 [Note] InnoDB: Removed temporary tablespace data file: "ibtmp1"
2019-05-06T16:18:44.911372Z 0 [Note] Shutting down plugin 'MEMORY'
2019-05-06T16:18:44.911372Z 0 [Note] Shutting down plugin 'CSV'
2019-05-06T16:18:44.911372Z 0 [Note] Shutting down plugin 'sha256_password'
2019-05-06T16:18:44.911372Z 0 [Note] Shutting down plugin 'mysql_native_password'
2019-05-06T16:18:44.911372Z 0 [Note] Shutting down plugin 'binlog'
2019-05-06T16:18:44.913371Z 0 [Note] d:\ospanel\modules\database\MySQL-5.7-x64\bin\mysqld.exe: Shutdown complete

