190108  8:20:28 [Note] c:\ospanel\modules\database\MySQL-5.5\bin\mysqld.exe (mysqld 5.5.57) starting as process 4884 ...
190108  8:20:29 [Note] Plugin 'FEDERATED' is disabled.
190108  8:20:29 InnoDB: The InnoDB memory heap is disabled
190108  8:20:29 InnoDB: Mutexes and rw_locks use Windows interlocked functions
190108  8:20:29 InnoDB: Compressed tables use zlib 1.2.3
190108  8:20:29 InnoDB: Initializing buffer pool, size = 128.0M
190108  8:20:29 InnoDB: Completed initialization of buffer pool
190108  8:20:29 InnoDB: highest supported file format is Barracuda.
190108  8:20:32  InnoDB: Waiting for the background threads to start
190108  8:20:33 InnoDB: 5.5.57 started; log sequence number 60339925
190108  8:20:33 [Note] Server hostname (bind-address): '127.0.0.1'; port: 3306
190108  8:20:33 [Note]   - '127.0.0.1' resolves to '127.0.0.1';
190108  8:20:33 [Note] Server socket created on IP: '127.0.0.1'.
190108  8:20:35 [Note] Event Scheduler: Loaded 0 events
190108  8:20:35 [Note] c:\ospanel\modules\database\MySQL-5.5\bin\mysqld.exe: ready for connections.
Version: '5.5.57'  socket: ''  port: 3306  MySQL Community Server (GPL)
190108 10:54:42 [Note] c:\ospanel\modules\database\MySQL-5.5\bin\mysqld.exe: Normal shutdown

190108 10:54:42 [Note] Event Scheduler: Purging the queue. 0 events
190108 10:54:42  InnoDB: Starting shutdown...
190108 10:54:43  InnoDB: Shutdown completed; log sequence number 60339935
190108 10:54:43 [Note] c:\ospanel\modules\database\MySQL-5.5\bin\mysqld.exe: Shutdown complete

